app/build/intermediates/manifest_merge_blame_file/debug/manifest-merger-blame-debug-report.txt
1<?xml version="1.0" encoding="utf-8"?>
2<manifest xmlns:android="http://schemas.android.com/apk/res/android"
3    package="com.doubleclick.marktinhome"
4    android:versionCode="1"
5    android:versionName="1.0" >
6
7    <uses-sdk
8        android:minSdkVersion="21"
8-->src\main\AndroidManifest.xml
9        android:targetSdkVersion="31" />
9-->src\main\AndroidManifest.xml
10
11    <uses-permission android:name="android.permission.INTERNET" />
11-->src\main\AndroidManifest.xml:6:5-67
11-->src\main\AndroidManifest.xml:6:22-64
12    <uses-permission android:name="android.permission.ACCESS_COARSE_LOCATION" />
12-->src\main\AndroidManifest.xml:7:5-81
12-->src\main\AndroidManifest.xml:7:22-78
13    <uses-permission android:name="android.permission.ACCESS_FINE_LOCATION" />
13-->src\main\AndroidManifest.xml:8:5-79
13-->src\main\AndroidManifest.xml:8:22-76
14    <uses-permission android:name="android.permission.WRITE_EXTERNAL_STORAGE" />
14-->src\main\AndroidManifest.xml:9:5-81
14-->src\main\AndroidManifest.xml:9:22-78
15    <uses-permission android:name="android.permission.READ_EXTERNAL_STORAGE" />
15-->src\main\AndroidManifest.xml:10:5-80
15-->src\main\AndroidManifest.xml:10:22-77
16    <uses-permission android:name="android.permission.ACCESS_NETWORK_STATE" />
16-->src\main\AndroidManifest.xml:11:5-79
16-->src\main\AndroidManifest.xml:11:22-76
17    <uses-permission android:name="android.permission.ACCESS_WIFI_STATE" />
17-->src\main\AndroidManifest.xml:12:5-76
17-->src\main\AndroidManifest.xml:12:22-73
18    <uses-permission android:name="android.permission.RECORD_AUDIO" />
18-->src\main\AndroidManifest.xml:13:5-71
18-->src\main\AndroidManifest.xml:13:22-68
19    <uses-permission android:name="android.permission.READ_CONTACTS" />
19-->src\main\AndroidManifest.xml:14:5-72
19-->src\main\AndroidManifest.xml:14:22-69
20
21    <!-- 在SDCard中创建与删除文件权限 -->
22    <uses-permission android:name="android.permission.MOUNT_UNMOUNT_FILESYSTEMS" /> <!-- 相机权限 -->
22-->[com.lzy.widget:imagepicker:0.5.5] AndroidManifest.xml:12:5-84
22-->[com.lzy.widget:imagepicker:0.5.5] AndroidManifest.xml:12:22-81
23    <uses-permission android:name="android.permission.CAMERA" />
23-->[com.lzy.widget:imagepicker:0.5.5] AndroidManifest.xml:18:5-65
23-->[com.lzy.widget:imagepicker:0.5.5] AndroidManifest.xml:18:22-62
24    <uses-permission android:name="android.permission.WAKE_LOCK" /> <!-- Required by older versions of Google Play services to create IID tokens -->
24-->[com.google.firebase:firebase-messaging:23.0.0] AndroidManifest.xml:23:5-68
24-->[com.google.firebase:firebase-messaging:23.0.0] AndroidManifest.xml:23:22-65
25    <uses-permission android:name="com.google.android.c2dm.permission.RECEIVE" />
25-->[com.google.firebase:firebase-messaging:23.0.0] AndroidManifest.xml:25:5-82
25-->[com.google.firebase:firebase-messaging:23.0.0] AndroidManifest.xml:25:22-79
26
27    <uses-feature
27-->[com.google.android.gms:play-services-maps:18.0.2] AndroidManifest.xml:26:5-28:35
28        android:glEsVersion="0x00020000"
28-->[com.google.android.gms:play-services-maps:18.0.2] AndroidManifest.xml:27:9-41
29        android:required="true" />
29-->[com.google.android.gms:play-services-maps:18.0.2] AndroidManifest.xml:28:9-32
30
31    <queries>
31-->[com.google.android.gms:play-services-maps:18.0.2] AndroidManifest.xml:30:5-34:15
32
33        <!-- Needs to be explicitly declared on Android R+ -->
34        <package android:name="com.google.android.apps.maps" />
34-->[com.google.android.gms:play-services-maps:18.0.2] AndroidManifest.xml:33:9-64
34-->[com.google.android.gms:play-services-maps:18.0.2] AndroidManifest.xml:33:18-61
35    </queries>
36
37    <permission
37-->[androidx.core:core:1.9.0-alpha03] AndroidManifest.xml:24:5-26:47
38        android:name="com.doubleclick.marktinhome.DYNAMIC_RECEIVER_NOT_EXPORTED_PERMISSION"
38-->[androidx.core:core:1.9.0-alpha03] AndroidManifest.xml:25:9-81
39        android:protectionLevel="signature" />
39-->[androidx.core:core:1.9.0-alpha03] AndroidManifest.xml:26:9-44
40
41    <uses-permission android:name="com.doubleclick.marktinhome.DYNAMIC_RECEIVER_NOT_EXPORTED_PERMISSION" />
41-->[androidx.core:core:1.9.0-alpha03] AndroidManifest.xml:28:5-97
41-->[androidx.core:core:1.9.0-alpha03] AndroidManifest.xml:28:22-94
42    <uses-permission android:name="android.permission.VIBRATE" />
42-->[io.card:android-sdk:5.5.1] AndroidManifest.xml:10:5-66
42-->[io.card:android-sdk:5.5.1] AndroidManifest.xml:10:22-63
43
44    <uses-feature
44-->[io.card:android-sdk:5.5.1] AndroidManifest.xml:12:5-14:36
45        android:name="android.hardware.camera"
45-->[io.card:android-sdk:5.5.1] AndroidManifest.xml:13:9-47
46        android:required="false" />
46-->[io.card:android-sdk:5.5.1] AndroidManifest.xml:14:9-33
47    <uses-feature
47-->[io.card:android-sdk:5.5.1] AndroidManifest.xml:15:5-17:36
48        android:name="android.hardware.camera.autofocus"
48-->[io.card:android-sdk:5.5.1] AndroidManifest.xml:16:9-57
49        android:required="false" />
49-->[io.card:android-sdk:5.5.1] AndroidManifest.xml:17:9-33
50
51    <application
51-->src\main\AndroidManifest.xml:16:5-148:19
52        android:name="com.doubleclick.marktinhome.BaseApplication"
52-->src\main\AndroidManifest.xml:17:9-40
53        android:allowBackup="true"
53-->src\main\AndroidManifest.xml:18:9-35
54        android:appComponentFactory="androidx.core.app.CoreComponentFactory"
54-->[androidx.core:core:1.9.0-alpha03] AndroidManifest.xml:30:18-86
55        android:debuggable="true"
56        android:icon="@mipmap/ic_launcher"
56-->src\main\AndroidManifest.xml:19:9-43
57        android:label="@string/app_name"
57-->src\main\AndroidManifest.xml:20:9-41
58        android:requestLegacyExternalStorage="true"
58-->src\main\AndroidManifest.xml:21:9-52
59        android:roundIcon="@mipmap/ic_launcher_round"
59-->src\main\AndroidManifest.xml:22:9-54
60        android:supportsRtl="true"
60-->src\main\AndroidManifest.xml:23:9-35
61        android:testOnly="true"
62        android:theme="@style/Theme.MarktInHome" >
62-->src\main\AndroidManifest.xml:24:9-49
63        <activity
63-->src\main\AndroidManifest.xml:25:9-27:40
64            android:name="com.doubleclick.marktinhome.ui.MainScreen.FilterParent.FilterParentActivity"
64-->src\main\AndroidManifest.xml:26:13-76
65            android:exported="false" />
65-->src\main\AndroidManifest.xml:27:13-37
66        <activity
66-->src\main\AndroidManifest.xml:28:9-30:40
67            android:name="com.doubleclick.marktinhome.ui.MainScreen.ViewMore.ViewMoreActivity"
67-->src\main\AndroidManifest.xml:29:13-68
68            android:exported="false" />
68-->src\main\AndroidManifest.xml:30:13-37
69        <activity
69-->src\main\AndroidManifest.xml:31:9-33:40
70            android:name="com.doubleclick.marktinhome.ui.MainScreen.RecentOrderActivity"
70-->src\main\AndroidManifest.xml:32:13-62
71            android:exported="false" />
71-->src\main\AndroidManifest.xml:33:13-37
72        <activity
72-->src\main\AndroidManifest.xml:34:9-36:40
73            android:name="com.doubleclick.marktinhome.ui.MainScreen.Groups.ViewActivity"
73-->src\main\AndroidManifest.xml:35:13-62
74            android:exported="false" />
74-->src\main\AndroidManifest.xml:36:13-37
75        <activity
75-->src\main\AndroidManifest.xml:37:9-39:40
76            android:name="com.doubleclick.marktinhome.ui.MainScreen.Parents.ParentActivity"
76-->src\main\AndroidManifest.xml:38:13-65
77            android:exported="false" />
77-->src\main\AndroidManifest.xml:39:13-37
78        <activity
78-->src\main\AndroidManifest.xml:40:9-42:40
79            android:name="com.doubleclick.marktinhome.ui.MainScreen.Groups.Comments.CommentGroupActivity"
79-->src\main\AndroidManifest.xml:41:13-79
80            android:exported="false" />
80-->src\main\AndroidManifest.xml:42:13-37
81        <activity
81-->src\main\AndroidManifest.xml:43:9-45:40
82            android:name="com.doubleclick.marktinhome.ui.MainScreen.Groups.CreateGroupActivity"
82-->src\main\AndroidManifest.xml:44:13-69
83            android:exported="false" />
83-->src\main\AndroidManifest.xml:45:13-37
84        <activity
84-->src\main\AndroidManifest.xml:46:9-48:40
85            android:name="com.doubleclick.marktinhome.ui.MainScreen.Groups.CreatePostActivity"
85-->src\main\AndroidManifest.xml:47:13-68
86            android:exported="false" />
86-->src\main\AndroidManifest.xml:48:13-37
87        <activity
87-->src\main\AndroidManifest.xml:49:9-52:68
88            android:name="com.doubleclick.marktinhome.ui.MainScreen.Groups.GroupsActivity"
88-->src\main\AndroidManifest.xml:50:13-64
89            android:exported="false"
89-->src\main\AndroidManifest.xml:51:13-37
90            android:theme="@style/Theme.MarktInHome.NoActionBar" />
90-->src\main\AndroidManifest.xml:52:13-65
91        <activity
91-->src\main\AndroidManifest.xml:53:9-55:40
92            android:name="com.doubleclick.marktinhome.ui.Advertisement.EditAdvertisementActivity"
92-->src\main\AndroidManifest.xml:54:13-71
93            android:exported="false" />
93-->src\main\AndroidManifest.xml:55:13-37
94        <activity
94-->src\main\AndroidManifest.xml:56:9-58:40
95            android:name="com.doubleclick.marktinhome.ui.Trademark.EditTradmarkActivity"
95-->src\main\AndroidManifest.xml:57:13-62
96            android:exported="false" />
96-->src\main\AndroidManifest.xml:58:13-37
97        <!--
98             TODO: Before you run your application, you need a Google Maps API key.
99
100             To get one, follow the directions here:
101
102                https://developers.google.com/maps/documentation/android-sdk/get-api-key
103
104             Once you have your API key (it starts with "AIza"), define a new property in your
105             project's local.properties file (e.g. MAPS_API_KEY=Aiza...), and replace the
106             "YOUR_API_KEY" string in this file with "${MAPS_API_KEY}".
107        -->
108        <meta-data
108-->src\main\AndroidManifest.xml:70:9-72:55
109            android:name="com.google.android.geo.API_KEY"
109-->src\main\AndroidManifest.xml:71:13-58
110            android:value="@string/google_maps_key" />
110-->src\main\AndroidManifest.xml:72:13-52
111
112        <activity
112-->src\main\AndroidManifest.xml:74:9-76:40
113            android:name="com.doubleclick.DashBoard.DashBoardActivity"
113-->src\main\AndroidManifest.xml:75:13-71
114            android:exported="false" />
114-->src\main\AndroidManifest.xml:76:13-37
115        <activity
115-->src\main\AndroidManifest.xml:77:9-79:40
116            android:name="com.doubleclick.marktinhome.ui.MainScreen.Chat.ChatActivity"
116-->src\main\AndroidManifest.xml:78:13-60
117            android:exported="false" />
117-->src\main\AndroidManifest.xml:79:13-37
118        <activity
118-->src\main\AndroidManifest.xml:80:9-82:40
119            android:name="com.doubleclick.marktinhome.ui.MainScreen.Comments.CommentsActivity"
119-->src\main\AndroidManifest.xml:81:13-68
120            android:exported="false" />
120-->src\main\AndroidManifest.xml:82:13-37
121        <activity
121-->src\main\AndroidManifest.xml:83:9-85:40
122            android:name="com.doubleclick.marktinhome.ui.ProductActivity.productActivity"
122-->src\main\AndroidManifest.xml:84:13-63
123            android:exported="false" />
123-->src\main\AndroidManifest.xml:85:13-37
124        <activity
124-->src\main\AndroidManifest.xml:86:9-88:40
125            android:name="com.doubleclick.marktinhome.ui.Filter.FilterActivity"
125-->src\main\AndroidManifest.xml:87:13-53
126            android:exported="false" />
126-->src\main\AndroidManifest.xml:88:13-37
127        <activity
127-->src\main\AndroidManifest.xml:89:9-91:40
128            android:name="com.doubleclick.Address.AddressActivity"
128-->src\main\AndroidManifest.xml:90:13-67
129            android:exported="false" />
129-->src\main\AndroidManifest.xml:91:13-37
130        <activity
130-->src\main\AndroidManifest.xml:92:9-94:40
131            android:name="com.doubleclick.marktinhome.ui.Trademark.TrademarkActivity"
131-->src\main\AndroidManifest.xml:93:13-59
132            android:exported="false" />
132-->src\main\AndroidManifest.xml:94:13-37
133        <activity
133-->src\main\AndroidManifest.xml:95:9-97:40
134            android:name="com.doubleclick.marktinhome.ui.Advertisement.AdvertisementActivity"
134-->src\main\AndroidManifest.xml:96:13-67
135            android:exported="false" />
135-->src\main\AndroidManifest.xml:97:13-37
136        <activity
136-->src\main\AndroidManifest.xml:98:9-100:40
137            android:name="com.doubleclick.marktinhome.Seller.SellerActivity"
137-->src\main\AndroidManifest.xml:99:13-50
138            android:exported="false" />
138-->src\main\AndroidManifest.xml:100:13-37
139        <activity
139-->src\main\AndroidManifest.xml:101:9-103:39
140            android:name="com.doubleclick.marktinhome.ui.MainScreen.MainScreenActivity"
140-->src\main\AndroidManifest.xml:102:13-61
141            android:exported="true" />
141-->src\main\AndroidManifest.xml:103:13-36
142        <activity
142-->src\main\AndroidManifest.xml:104:9-122:20
143            android:name="com.doubleclick.marktinhome.MainActivity"
143-->src\main\AndroidManifest.xml:105:13-41
144            android:exported="true" >
144-->src\main\AndroidManifest.xml:106:13-36
145            <intent-filter>
145-->src\main\AndroidManifest.xml:107:13-111:29
146                <action android:name="android.intent.action.MAIN" />
146-->src\main\AndroidManifest.xml:108:17-69
146-->src\main\AndroidManifest.xml:108:25-66
147
148                <category android:name="android.intent.category.LAUNCHER" />
148-->src\main\AndroidManifest.xml:110:17-77
148-->src\main\AndroidManifest.xml:110:27-74
149            </intent-filter>
150            <intent-filter>
150-->src\main\AndroidManifest.xml:112:13-121:29
151                <action android:name="android.intent.action.VIEW" />
151-->src\main\AndroidManifest.xml:113:17-69
151-->src\main\AndroidManifest.xml:113:25-66
152
153                <category android:name="android.intent.category.DEFAULT" />
153-->src\main\AndroidManifest.xml:115:17-76
153-->src\main\AndroidManifest.xml:115:27-73
154                <category android:name="android.intent.category.BROWSABLE" />
154-->src\main\AndroidManifest.xml:116:17-78
154-->src\main\AndroidManifest.xml:116:27-75
155
156                <data
156-->src\main\AndroidManifest.xml:118:17-120:46
157                    android:host="www.market.doublethink.com"
157-->src\main\AndroidManifest.xml:119:21-62
158                    android:scheme="https" />
158-->src\main\AndroidManifest.xml:120:21-43
159            </intent-filter>
160        </activity>
161        <activity
161-->src\main\AndroidManifest.xml:123:9-125:40
162            android:name="com.doubleclick.RichEditor.sample.RichEditorActivity"
162-->src\main\AndroidManifest.xml:124:13-80
163            android:exported="false" />
163-->src\main\AndroidManifest.xml:125:13-37
164        <activity
164-->src\main\AndroidManifest.xml:126:9-129:50
165            android:name="com.doubleclick.marktinhome.ui.Add.AddActivity"
165-->src\main\AndroidManifest.xml:127:13-47
166            android:exported="false"
166-->src\main\AndroidManifest.xml:128:13-37
167            android:hardwareAccelerated="false" />
167-->src\main\AndroidManifest.xml:129:13-48
168        <activity
168-->src\main\AndroidManifest.xml:130:9-132:40
169            android:name="com.doubleclick.marktinhome.ui.Trademark.FilterTradmarkActivity"
169-->src\main\AndroidManifest.xml:131:13-64
170            android:exported="false" />
170-->src\main\AndroidManifest.xml:132:13-37
171
172        <meta-data
172-->src\main\AndroidManifest.xml:134:9-136:57
173            android:name="preloaded_fonts"
173-->src\main\AndroidManifest.xml:135:13-43
174            android:resource="@array/preloaded_fonts" />
174-->src\main\AndroidManifest.xml:136:13-54
175
176        <service
176-->src\main\AndroidManifest.xml:138:9-145:19
177            android:name="com.doubleclick.marktinhome.Notifications.MyFirebaseMessaging"
177-->src\main\AndroidManifest.xml:139:13-62
178            android:enabled="true"
178-->src\main\AndroidManifest.xml:140:13-35
179            android:exported="true" >
179-->src\main\AndroidManifest.xml:141:13-36
180            <intent-filter>
180-->src\main\AndroidManifest.xml:142:13-144:29
181                <action android:name="com.google.firebase.MESSAGING_EVENT" />
181-->src\main\AndroidManifest.xml:143:17-78
181-->src\main\AndroidManifest.xml:143:25-75
182            </intent-filter>
183        </service>
184
185        <receiver android:name="com.doubleclick.Servies.NotificationReceiver" />
185-->src\main\AndroidManifest.xml:147:9-81
185-->src\main\AndroidManifest.xml:147:19-78
186
187        <activity
187-->[com.blankj:utilcodex:1.29.0] AndroidManifest.xml:10:9-14:75
188            android:name="com.blankj.utilcode.util.UtilsTransActivity4MainProcess"
188-->[com.blankj:utilcodex:1.29.0] AndroidManifest.xml:11:13-83
189            android:configChanges="orientation|keyboardHidden|screenSize"
189-->[com.blankj:utilcodex:1.29.0] AndroidManifest.xml:12:13-74
190            android:theme="@style/ActivityTranslucent"
190-->[com.blankj:utilcodex:1.29.0] AndroidManifest.xml:13:13-55
191            android:windowSoftInputMode="stateHidden|stateAlwaysHidden" />
191-->[com.blankj:utilcodex:1.29.0] AndroidManifest.xml:14:13-72
192        <activity
192-->[com.blankj:utilcodex:1.29.0] AndroidManifest.xml:15:9-20:75
193            android:name="com.blankj.utilcode.util.UtilsTransActivity"
193-->[com.blankj:utilcodex:1.29.0] AndroidManifest.xml:16:13-71
194            android:configChanges="orientation|keyboardHidden|screenSize"
194-->[com.blankj:utilcodex:1.29.0] AndroidManifest.xml:17:13-74
195            android:multiprocess="true"
195-->[com.blankj:utilcodex:1.29.0] AndroidManifest.xml:18:13-40
196            android:theme="@style/ActivityTranslucent"
196-->[com.blankj:utilcodex:1.29.0] AndroidManifest.xml:19:13-55
197            android:windowSoftInputMode="stateHidden|stateAlwaysHidden" />
197-->[com.blankj:utilcodex:1.29.0] AndroidManifest.xml:20:13-72
198
199        <provider
199-->[com.blankj:utilcodex:1.29.0] AndroidManifest.xml:22:9-30:20
200            android:name="com.blankj.utilcode.util.UtilsFileProvider"
200-->[com.blankj:utilcodex:1.29.0] AndroidManifest.xml:23:13-70
201            android:authorities="com.doubleclick.marktinhome.utilcode.provider"
201-->[com.blankj:utilcodex:1.29.0] AndroidManifest.xml:24:13-69
202            android:exported="false"
202-->[com.blankj:utilcodex:1.29.0] AndroidManifest.xml:25:13-37
203            android:grantUriPermissions="true" >
203-->[com.blankj:utilcodex:1.29.0] AndroidManifest.xml:26:13-47
204            <meta-data
204-->[com.blankj:utilcodex:1.29.0] AndroidManifest.xml:27:13-29:68
205                android:name="android.support.FILE_PROVIDER_PATHS"
205-->[com.blankj:utilcodex:1.29.0] AndroidManifest.xml:28:17-67
206                android:resource="@xml/util_code_provider_paths" />
206-->[com.blankj:utilcodex:1.29.0] AndroidManifest.xml:29:17-65
207        </provider>
208
209        <service
209-->[com.blankj:utilcodex:1.29.0] AndroidManifest.xml:32:9-38:19
210            android:name="com.blankj.utilcode.util.MessengerUtils$ServerService"
210-->[com.blankj:utilcodex:1.29.0] AndroidManifest.xml:33:13-81
211            android:exported="false" >
211-->[com.blankj:utilcodex:1.29.0] AndroidManifest.xml:34:13-37
212            <intent-filter>
212-->[com.blankj:utilcodex:1.29.0] AndroidManifest.xml:35:13-37:29
213                <action android:name="com.doubleclick.marktinhome.messenger" />
213-->[com.blankj:utilcodex:1.29.0] AndroidManifest.xml:36:17-69
213-->[com.blankj:utilcodex:1.29.0] AndroidManifest.xml:36:25-66
214            </intent-filter>
215        </service>
216
217        <activity
217-->[com.karumi:dexter:6.2.3] AndroidManifest.xml:27:9-29:72
218            android:name="com.karumi.dexter.DexterActivity"
218-->[com.karumi:dexter:6.2.3] AndroidManifest.xml:28:13-60
219            android:theme="@style/Dexter.Internal.Theme.Transparent" />
219-->[com.karumi:dexter:6.2.3] AndroidManifest.xml:29:13-69
220        <activity android:name="com.lzy.imagepicker.ui.ImageBaseActivity" />
220-->[com.lzy.widget:imagepicker:0.5.5] AndroidManifest.xml:21:9-77
220-->[com.lzy.widget:imagepicker:0.5.5] AndroidManifest.xml:21:19-74
221        <activity
221-->[com.lzy.widget:imagepicker:0.5.5] AndroidManifest.xml:22:9-25:55
222            android:name="com.lzy.imagepicker.ui.ImageGridActivity"
222-->[com.lzy.widget:imagepicker:0.5.5] AndroidManifest.xml:23:13-68
223            android:configChanges="orientation|screenSize"
223-->[com.lzy.widget:imagepicker:0.5.5] AndroidManifest.xml:24:13-59
224            android:theme="@style/ImagePickerTheme" />
224-->[com.lzy.widget:imagepicker:0.5.5] AndroidManifest.xml:25:13-52
225        <activity
225-->[com.lzy.widget:imagepicker:0.5.5] AndroidManifest.xml:26:9-30:55
226            android:name="com.lzy.imagepicker.ui.ImageCropActivity"
226-->[com.lzy.widget:imagepicker:0.5.5] AndroidManifest.xml:27:13-68
227            android:configChanges="orientation|screenSize"
227-->[com.lzy.widget:imagepicker:0.5.5] AndroidManifest.xml:28:13-59
228            android:hardwareAccelerated="false"
228-->[com.lzy.widget:imagepicker:0.5.5] AndroidManifest.xml:29:13-48
229            android:theme="@style/ImagePickerTheme" />
229-->[com.lzy.widget:imagepicker:0.5.5] AndroidManifest.xml:30:13-52
230        <activity
230-->[com.lzy.widget:imagepicker:0.5.5] AndroidManifest.xml:31:9-34:65
231            android:name="com.lzy.imagepicker.ui.ImagePreviewActivity"
231-->[com.lzy.widget:imagepicker:0.5.5] AndroidManifest.xml:32:13-71
232            android:configChanges="orientation|screenSize"
232-->[com.lzy.widget:imagepicker:0.5.5] AndroidManifest.xml:33:13-59
233            android:theme="@style/ImagePickerThemeFullScreen" />
233-->[com.lzy.widget:imagepicker:0.5.5] AndroidManifest.xml:34:13-62
234
235        <provider
235-->[com.lzy.widget:imagepicker:0.5.5] AndroidManifest.xml:36:9-44:20
236            android:name="com.lzy.imagepicker.ImagePickerProvider"
236-->[com.lzy.widget:imagepicker:0.5.5] AndroidManifest.xml:37:13-67
237            android:authorities="com.doubleclick.marktinhome.provider"
237-->[com.lzy.widget:imagepicker:0.5.5] AndroidManifest.xml:38:13-60
238            android:exported="false"
238-->[com.lzy.widget:imagepicker:0.5.5] AndroidManifest.xml:39:13-37
239            android:grantUriPermissions="true" >
239-->[com.lzy.widget:imagepicker:0.5.5] AndroidManifest.xml:40:13-47
240            <meta-data
240-->[com.blankj:utilcodex:1.29.0] AndroidManifest.xml:27:13-29:68
241                android:name="android.support.FILE_PROVIDER_PATHS"
241-->[com.blankj:utilcodex:1.29.0] AndroidManifest.xml:28:17-67
242                android:resource="@xml/provider_paths" />
242-->[com.blankj:utilcodex:1.29.0] AndroidManifest.xml:29:17-65
243        </provider>
244
245        <activity
245-->[com.google.firebase:firebase-auth:21.0.1] AndroidManifest.xml:27:9-44:20
246            android:name="com.google.firebase.auth.internal.GenericIdpActivity"
246-->[com.google.firebase:firebase-auth:21.0.1] AndroidManifest.xml:28:13-80
247            android:excludeFromRecents="true"
247-->[com.google.firebase:firebase-auth:21.0.1] AndroidManifest.xml:29:13-46
248            android:exported="true"
248-->[com.google.firebase:firebase-auth:21.0.1] AndroidManifest.xml:30:13-36
249            android:launchMode="singleTask"
249-->[com.google.firebase:firebase-auth:21.0.1] AndroidManifest.xml:31:13-44
250            android:theme="@android:style/Theme.Translucent.NoTitleBar" >
250-->[com.google.firebase:firebase-auth:21.0.1] AndroidManifest.xml:32:13-72
251            <intent-filter>
251-->[com.google.firebase:firebase-auth:21.0.1] AndroidManifest.xml:33:13-43:29
252                <action android:name="android.intent.action.VIEW" />
252-->src\main\AndroidManifest.xml:113:17-69
252-->src\main\AndroidManifest.xml:113:25-66
253
254                <category android:name="android.intent.category.DEFAULT" />
254-->src\main\AndroidManifest.xml:115:17-76
254-->src\main\AndroidManifest.xml:115:27-73
255                <category android:name="android.intent.category.BROWSABLE" />
255-->src\main\AndroidManifest.xml:116:17-78
255-->src\main\AndroidManifest.xml:116:27-75
256
257                <data
257-->src\main\AndroidManifest.xml:118:17-120:46
258                    android:host="firebase.auth"
258-->src\main\AndroidManifest.xml:119:21-62
259                    android:path="/"
260                    android:scheme="genericidp" />
260-->src\main\AndroidManifest.xml:120:21-43
261            </intent-filter>
262        </activity>
263        <activity
263-->[com.google.firebase:firebase-auth:21.0.1] AndroidManifest.xml:45:9-62:20
264            android:name="com.google.firebase.auth.internal.RecaptchaActivity"
264-->[com.google.firebase:firebase-auth:21.0.1] AndroidManifest.xml:46:13-79
265            android:excludeFromRecents="true"
265-->[com.google.firebase:firebase-auth:21.0.1] AndroidManifest.xml:47:13-46
266            android:exported="true"
266-->[com.google.firebase:firebase-auth:21.0.1] AndroidManifest.xml:48:13-36
267            android:launchMode="singleTask"
267-->[com.google.firebase:firebase-auth:21.0.1] AndroidManifest.xml:49:13-44
268            android:theme="@android:style/Theme.Translucent.NoTitleBar" >
268-->[com.google.firebase:firebase-auth:21.0.1] AndroidManifest.xml:50:13-72
269            <intent-filter>
269-->[com.google.firebase:firebase-auth:21.0.1] AndroidManifest.xml:51:13-61:29
270                <action android:name="android.intent.action.VIEW" />
270-->src\main\AndroidManifest.xml:113:17-69
270-->src\main\AndroidManifest.xml:113:25-66
271
272                <category android:name="android.intent.category.DEFAULT" />
272-->src\main\AndroidManifest.xml:115:17-76
272-->src\main\AndroidManifest.xml:115:27-73
273                <category android:name="android.intent.category.BROWSABLE" />
273-->src\main\AndroidManifest.xml:116:17-78
273-->src\main\AndroidManifest.xml:116:27-75
274
275                <data
275-->src\main\AndroidManifest.xml:118:17-120:46
276                    android:host="firebase.auth"
276-->src\main\AndroidManifest.xml:119:21-62
277                    android:path="/"
278                    android:scheme="recaptcha" />
278-->src\main\AndroidManifest.xml:120:21-43
279            </intent-filter>
280        </activity>
281
282        <service
282-->[com.google.firebase:firebase-auth:21.0.1] AndroidManifest.xml:64:9-73:19
283            android:name="com.google.firebase.auth.api.fallback.service.FirebaseAuthFallbackService"
283-->[com.google.firebase:firebase-auth:21.0.1] AndroidManifest.xml:65:13-101
284            android:enabled="true"
284-->[com.google.firebase:firebase-auth:21.0.1] AndroidManifest.xml:66:13-35
285            android:exported="false" >
285-->[com.google.firebase:firebase-auth:21.0.1] AndroidManifest.xml:67:13-37
286            <intent-filter>
286-->[com.google.firebase:firebase-auth:21.0.1] AndroidManifest.xml:68:13-72:29
287                <action android:name="com.google.firebase.auth.api.gms.service.START" />
287-->[com.google.firebase:firebase-auth:21.0.1] AndroidManifest.xml:69:17-89
287-->[com.google.firebase:firebase-auth:21.0.1] AndroidManifest.xml:69:25-86
288
289                <category android:name="android.intent.category.DEFAULT" />
289-->src\main\AndroidManifest.xml:115:17-76
289-->src\main\AndroidManifest.xml:115:27-73
290            </intent-filter>
291        </service>
292        <service
292-->[com.google.firebase:firebase-auth:21.0.1] AndroidManifest.xml:74:9-80:19
293            android:name="com.google.firebase.components.ComponentDiscoveryService"
293-->[com.google.firebase:firebase-auth:21.0.1] AndroidManifest.xml:75:13-84
294            android:directBootAware="true"
294-->[com.google.firebase:firebase-common:20.0.0] AndroidManifest.xml:35:13-43
295            android:exported="false" >
295-->[com.google.firebase:firebase-auth:21.0.1] AndroidManifest.xml:76:13-37
296            <meta-data
296-->[com.google.firebase:firebase-auth:21.0.1] AndroidManifest.xml:77:13-79:85
297                android:name="com.google.firebase.components:com.google.firebase.auth.FirebaseAuthRegistrar"
297-->[com.google.firebase:firebase-auth:21.0.1] AndroidManifest.xml:78:17-109
298                android:value="com.google.firebase.components.ComponentRegistrar" />
298-->[com.google.firebase:firebase-auth:21.0.1] AndroidManifest.xml:79:17-82
299            <meta-data
299-->[com.google.firebase:firebase-database:20.0.3] AndroidManifest.xml:32:13-34:85
300                android:name="com.google.firebase.components:com.google.firebase.database.DatabaseRegistrar"
300-->[com.google.firebase:firebase-database:20.0.3] AndroidManifest.xml:33:17-109
301                android:value="com.google.firebase.components.ComponentRegistrar" />
301-->[com.google.firebase:firebase-database:20.0.3] AndroidManifest.xml:34:17-82
302            <meta-data
302-->[com.google.firebase:firebase-firestore:24.0.1] AndroidManifest.xml:20:13-22:85
303                android:name="com.google.firebase.components:com.google.firebase.firestore.FirestoreRegistrar"
303-->[com.google.firebase:firebase-firestore:24.0.1] AndroidManifest.xml:21:17-111
304                android:value="com.google.firebase.components.ComponentRegistrar" />
304-->[com.google.firebase:firebase-firestore:24.0.1] AndroidManifest.xml:22:17-82
305            <meta-data
305-->[com.google.firebase:firebase-storage:20.0.0] AndroidManifest.xml:33:13-35:85
306                android:name="com.google.firebase.components:com.google.firebase.storage.StorageRegistrar"
306-->[com.google.firebase:firebase-storage:20.0.0] AndroidManifest.xml:34:17-107